<?xml version="1.0" encoding="UTF-8"?>
<testng-results ignored="0" total="1" passed="1" failed="0" skipped="0">
  <reporter-output>
  </reporter-output>
  <suite started-at="2023-11-24T11:56:44 IST" name="Default suite" finished-at="2023-11-24T11:57:18 IST" duration-ms="34163">
    <groups>
    </groups>
    <test started-at="2023-11-24T11:56:44 IST" name="Default test" finished-at="2023-11-24T11:57:18 IST" duration-ms="34163">
      <class name="My_SDET_Caw.dynamic_Table">
        <test-method signature="main()[pri:0, instance:My_SDET_Caw.dynamic_Table@11392934]" started-at="2023-11-24T11:56:44 IST" name="main" finished-at="2023-11-24T11:57:13 IST" duration-ms="28967" status="PASS">
          <reporter-output>
          </reporter-output>
        </test-method> <!-- main -->
        <test-method is-config="true" signature="tearDown()[pri:0, instance:My_SDET_Caw.dynamic_Table@11392934]" started-at="2023-11-24T11:57:13 IST" name="tearDown" finished-at="2023-11-24T11:57:18 IST" duration-ms="5150" status="PASS">
          <reporter-output>
          </reporter-output>
        </test-method> <!-- tearDown -->
      </class> <!-- My_SDET_Caw.dynamic_Table -->
    </test> <!-- Default test -->
  </suite> <!-- Default suite -->
</testng-results>
